[2013-01-04 10:29:02] request.ERROR: Symfony\Component\HttpKernel\Exception\NotFoundHttpException: No route found for "GET /bundles/karudev/css/images/textures/bg.gif" (uncaught exception) at C:\wamp2\www\php\karudev\Symfony\vendor\symfony\symfony\src\Symfony\Component\HttpKernel\EventListener\RouterListener.php line 92 [] []
[2013-01-04 10:29:24] request.ERROR: Symfony\Component\HttpKernel\Exception\NotFoundHttpException: No route found for "GET /bundles/karudev/css/images/textures/bg.gif" (uncaught exception) at C:\wamp2\www\php\karudev\Symfony\vendor\symfony\symfony\src\Symfony\Component\HttpKernel\EventListener\RouterListener.php line 92 [] []
[2013-01-04 10:29:42] request.ERROR: Symfony\Component\HttpKernel\Exception\NotFoundHttpException: No route found for "GET /bundles/karudev/css/images/textures/bg.gif" (uncaught exception) at C:\wamp2\www\php\karudev\Symfony\app\cache\prod\classes.php line 5215 [] []
[2013-01-04 10:29:44] request.ERROR: Symfony\Component\HttpKernel\Exception\NotFoundHttpException: No route found for "GET /bundles/karudev/css/images/textures/bg.gif" (uncaught exception) at C:\wamp2\www\php\karudev\Symfony\app\cache\prod\classes.php line 5215 [] []
[2013-01-04 10:30:07] request.ERROR: Symfony\Component\HttpKernel\Exception\NotFoundHttpException: No route found for "GET /bundles/karudev/css/images/textures/bg.gif" (uncaught exception) at C:\wamp2\www\php\karudev\Symfony\app\cache\prod\classes.php line 5215 [] []
[2013-01-04 10:30:11] request.ERROR: Symfony\Component\HttpKernel\Exception\NotFoundHttpException: No route found for "GET /bundles/karudev/css/images/textures/bg.gif" (uncaught exception) at C:\wamp2\www\php\karudev\Symfony\app\cache\prod\classes.php line 5215 [] []
[2013-01-04 10:30:15] request.ERROR: Symfony\Component\HttpKernel\Exception\NotFoundHttpException: No route found for "GET /bundles/karudev/css/images/textures/bg.gif" (uncaught exception) at C:\wamp2\www\php\karudev\Symfony\app\cache\prod\classes.php line 5215 [] []
[2013-01-04 10:30:47] request.ERROR: Symfony\Component\HttpKernel\Exception\NotFoundHttpException: No route found for "GET /images/textures/bg.gif" (uncaught exception) at C:\wamp2\www\php\karudev\Symfony\app\cache\prod\classes.php line 5215 [] []
[2013-01-04 10:30:49] request.ERROR: Symfony\Component\HttpKernel\Exception\NotFoundHttpException: No route found for "GET /images/textures/bg.gif" (uncaught exception) at C:\wamp2\www\php\karudev\Symfony\app\cache\prod\classes.php line 5215 [] []
[2013-01-04 10:32:28] request.ERROR: Symfony\Component\HttpKernel\Exception\NotFoundHttpException: No route found for "GET /bundles/karudev/img/glyphicons-halflings.png" (uncaught exception) at C:\wamp2\www\php\karudev\Symfony\app\cache\prod\classes.php line 5215 [] []
[2013-01-04 10:40:51] request.ERROR: Symfony\Component\HttpKernel\Exception\NotFoundHttpException: No route found for "GET /bundles/karudev/img/glyphicons-halflings.png" (uncaught exception) at C:\wamp2\www\php\karudev\Symfony\app\cache\prod\classes.php line 5215 [] []
[2013-01-04 10:41:06] request.ERROR: Symfony\Component\HttpKernel\Exception\NotFoundHttpException: No route found for "GET /bundles/karudev/img/glyphicons-halflings.png" (uncaught exception) at C:\wamp2\www\php\karudev\Symfony\app\cache\prod\classes.php line 5215 [] []
[2013-01-04 10:42:49] request.ERROR: Symfony\Component\HttpKernel\Exception\NotFoundHttpException: No route found for "GET /bundles/karudev/images/logod/logo.png" (uncaught exception) at C:\wamp2\www\php\karudev\Symfony\app\cache\prod\classes.php line 5215 [] []
[2013-01-04 10:43:10] request.ERROR: Symfony\Component\HttpKernel\Exception\NotFoundHttpException: No route found for "GET /bundles/karudev/images/logod/logo.png" (uncaught exception) at C:\wamp2\www\php\karudev\Symfony\app\cache\prod\classes.php line 5215 [] []
[2013-01-04 10:43:16] request.ERROR: Symfony\Component\HttpKernel\Exception\NotFoundHttpException: No route found for "GET /bundles/karudev/images/logos/logo.png" (uncaught exception) at C:\wamp2\www\php\karudev\Symfony\app\cache\prod\classes.php line 5215 [] []
[2013-01-04 10:56:39] request.ERROR: Symfony\Component\HttpKernel\Exception\NotFoundHttpException: No route found for "GET /bundles/karudev/img/glyphicons-halflings.png" (uncaught exception) at C:\wamp2\www\php\karudev\Symfony\app\cache\prod\classes.php line 5215 [] []
[2013-01-04 11:10:33] request.ERROR: Symfony\Component\HttpKernel\Exception\NotFoundHttpException: No route found for "GET /bundles/karudev/textures/bg.png" (uncaught exception) at C:\wamp2\www\php\karudev\Symfony\app\cache\prod\classes.php line 5215 [] []
[2013-01-04 11:10:41] request.ERROR: Symfony\Component\HttpKernel\Exception\NotFoundHttpException: No route found for "GET /bundles/karudev/textures/bg.png" (uncaught exception) at C:\wamp2\www\php\karudev\Symfony\app\cache\prod\classes.php line 5215 [] []
[2013-01-04 11:12:29] request.ERROR: Symfony\Component\HttpKernel\Exception\NotFoundHttpException: No route found for "GET /bundles/karudev/img/glyphicons-halflings.png" (uncaught exception) at C:\wamp2\www\php\karudev\Symfony\app\cache\prod\classes.php line 5215 [] []
[2013-01-04 11:23:20] request.ERROR: Symfony\Component\HttpKernel\Exception\NotFoundHttpException: No route found for "GET /bundles/karudev/img/glyphicons-halflings.png" (uncaught exception) at C:\wamp2\www\php\karudev\Symfony\app\cache\prod\classes.php line 5215 [] []
[2013-01-04 12:26:34] request.ERROR: Symfony\Component\HttpKernel\Exception\NotFoundHttpException: No route found for "GET /images/photos/moi.png" (uncaught exception) at C:\wamp2\www\php\karudev\Symfony\app\cache\prod\classes.php line 5215 [] []
[2013-01-04 12:26:57] request.ERROR: Symfony\Component\HttpKernel\Exception\NotFoundHttpException: No route found for "GET /images/photos/moi.png" (uncaught exception) at C:\wamp2\www\php\karudev\Symfony\app\cache\prod\classes.php line 5215 [] []
[2013-01-04 12:28:20] request.ERROR: Symfony\Component\HttpKernel\Exception\NotFoundHttpException: No route found for "GET /bundles/karudev/images/photos/moi.png" (uncaught exception) at C:\wamp2\www\php\karudev\Symfony\app\cache\prod\classes.php line 5215 [] []
[2013-01-04 12:37:05] request.ERROR: Symfony\Component\HttpKernel\Exception\NotFoundHttpException: No route found for "GET /bundles/karudev/img/glyphicons-halflings.png" (uncaught exception) at C:\wamp2\www\php\karudev\Symfony\app\cache\prod\classes.php line 5215 [] []
[2013-01-04 12:37:28] request.ERROR: Symfony\Component\HttpKernel\Exception\NotFoundHttpException: No route found for "GET /bundles/karudev/img/glyphicons-halflings.png" (uncaught exception) at C:\wamp2\www\php\karudev\Symfony\app\cache\prod\classes.php line 5215 [] []
[2013-01-04 12:44:22] request.ERROR: Symfony\Component\HttpKernel\Exception\NotFoundHttpException: No route found for "GET /bundles/karudev/images/divers/responsive.jpg" (uncaught exception) at C:\wamp2\www\php\karudev\Symfony\app\cache\prod\classes.php line 5215 [] []
[2013-01-04 12:45:35] request.ERROR: Symfony\Component\HttpKernel\Exception\NotFoundHttpException: No route found for "GET /bundles/karudev/images/divers/responsive.jpg" (uncaught exception) at C:\wamp2\www\php\karudev\Symfony\app\cache\prod\classes.php line 5215 [] []
[2013-01-04 12:46:00] request.ERROR: Symfony\Component\HttpKernel\Exception\NotFoundHttpException: No route found for "GET /bundles/karudev/images/divers/responsive.png" (uncaught exception) at C:\wamp2\www\php\karudev\Symfony\app\cache\prod\classes.php line 5215 [] []
[2013-01-04 12:46:17] request.ERROR: Symfony\Component\HttpKernel\Exception\NotFoundHttpException: No route found for "GET /bundles/karudev/images/divers/responsive.jpg" (uncaught exception) at C:\wamp2\www\php\karudev\Symfony\app\cache\prod\classes.php line 5215 [] []
[2013-01-04 12:49:02] request.ERROR: Symfony\Component\HttpKernel\Exception\NotFoundHttpException: No route found for "GET /bundles/karudev/img/glyphicons-halflings.png" (uncaught exception) at C:\wamp2\www\php\karudev\Symfony\app\cache\prod\classes.php line 5215 [] []
[2013-01-04 13:11:56] request.ERROR: Symfony\Component\HttpKernel\Exception\NotFoundHttpException: No route found for "GET /assets/projects/roundabout2/demos/images/img/award.png" (uncaught exception) at C:\wamp2\www\php\karudev\Symfony\app\cache\prod\classes.php line 5215 [] []
[2013-01-04 13:11:56] request.ERROR: Symfony\Component\HttpKernel\Exception\NotFoundHttpException: No route found for "GET /assets/projects/roundabout2/demos/images/img/backpack.png" (uncaught exception) at C:\wamp2\www\php\karudev\Symfony\app\cache\prod\classes.php line 5215 [] []
[2013-01-04 13:12:23] request.ERROR: Symfony\Component\HttpKernel\Exception\NotFoundHttpException: No route found for "GET /assets/projects/roundabout2/demos/images/img/backpack.png" (uncaught exception) at C:\wamp2\www\php\karudev\Symfony\app\cache\prod\classes.php line 5215 [] []
[2013-01-04 13:12:23] request.ERROR: Symfony\Component\HttpKernel\Exception\NotFoundHttpException: No route found for "GET /assets/projects/roundabout2/demos/images/img/award.png" (uncaught exception) at C:\wamp2\www\php\karudev\Symfony\app\cache\prod\classes.php line 5215 [] []
[2013-01-04 13:12:45] request.ERROR: Symfony\Component\HttpKernel\Exception\NotFoundHttpException: No route found for "GET /assets/projects/roundabout2/demos/images/img/award.png" (uncaught exception) at C:\wamp2\www\php\karudev\Symfony\app\cache\prod\classes.php line 5215 [] []
[2013-01-04 13:12:45] request.ERROR: Symfony\Component\HttpKernel\Exception\NotFoundHttpException: No route found for "GET /assets/projects/roundabout2/demos/images/img/backpack.png" (uncaught exception) at C:\wamp2\www\php\karudev\Symfony\app\cache\prod\classes.php line 5215 [] []
[2013-01-04 13:13:34] request.ERROR: Symfony\Component\HttpKernel\Exception\NotFoundHttpException: No route found for "GET /assets/projects/roundabout2/demos/images/img/award.png" (uncaught exception) at C:\wamp2\www\php\karudev\Symfony\app\cache\prod\classes.php line 5215 [] []
[2013-01-04 13:13:34] request.ERROR: Symfony\Component\HttpKernel\Exception\NotFoundHttpException: No route found for "GET /assets/projects/roundabout2/demos/images/img/backpack.png" (uncaught exception) at C:\wamp2\www\php\karudev\Symfony\app\cache\prod\classes.php line 5215 [] []
[2013-01-04 13:28:30] request.ERROR: Symfony\Component\HttpKernel\Exception\NotFoundHttpException: No route found for "GET /bundles/karudev/img/glyphicons-halflings.png" (uncaught exception) at C:\wamp2\www\php\karudev\Symfony\app\cache\prod\classes.php line 5215 [] []
[2013-01-04 14:12:20] request.ERROR: Symfony\Component\HttpKernel\Exception\NotFoundHttpException: No route found for "GET /bundles/karudev/images/prestations/echange.png" (uncaught exception) at C:\wamp2\www\php\karudev\Symfony\app\cache\prod\classes.php line 5215 [] []
[2013-01-04 14:17:32] request.ERROR: Symfony\Component\HttpKernel\Exception\NotFoundHttpException: No route found for "GET /bundles/karudev/img/glyphicons-halflings.png" (uncaught exception) at C:\wamp2\www\php\karudev\Symfony\app\cache\prod\classes.php line 5215 [] []
[2013-01-04 14:43:50] request.ERROR: Symfony\Component\HttpKernel\Exception\NotFoundHttpException: No route found for "GET /contact" (uncaught exception) at C:\wamp2\www\php\karudev\Symfony\app\cache\prod\classes.php line 5215 [] []
[2013-01-11 09:00:09] request.ERROR: Symfony\Component\HttpKernel\Exception\NotFoundHttpException: No route found for "GET /" (uncaught exception) at C:\wamp2\www\php\karudev\Symfony\app\cache\prod\classes.php line 5215 [] []
[2013-01-11 09:05:11] request.ERROR: Symfony\Component\HttpKernel\Exception\NotFoundHttpException: No route found for "GET /bundles/karudev/images/prestations/free.png" (uncaught exception) at C:\wamp2\www\php\karudev\Symfony\app\cache\prod\classes.php line 5215 [] []
[2013-01-11 09:05:15] request.ERROR: Symfony\Component\HttpKernel\Exception\NotFoundHttpException: No route found for "GET /bundles/karudev/images/prestations/free.png" (uncaught exception) at C:\wamp2\www\php\karudev\Symfony\app\cache\prod\classes.php line 5215 [] []
[2013-01-11 09:06:19] request.ERROR: Symfony\Component\HttpKernel\Exception\NotFoundHttpException: No route found for "GET /bundles/karudev/images/prestations/free.png" (uncaught exception) at C:\wamp2\www\php\karudev\Symfony\vendor\symfony\symfony\src\Symfony\Component\HttpKernel\EventListener\RouterListener.php line 92 [] []
[2013-01-11 09:07:13] request.ERROR: Symfony\Component\HttpKernel\Exception\NotFoundHttpException: No route found for "GET /bundles/karudev/images/prestations/free.png" (uncaught exception) at C:\wamp2\www\php\karudev\Symfony\vendor\symfony\symfony\src\Symfony\Component\HttpKernel\EventListener\RouterListener.php line 92 [] []
[2013-01-11 09:07:17] request.ERROR: Symfony\Component\HttpKernel\Exception\NotFoundHttpException: No route found for "GET /bundles/karudev/images/prestations/free.png" (uncaught exception) at C:\wamp2\www\php\karudev\Symfony\app\cache\prod\classes.php line 5215 [] []
[2013-01-11 09:09:02] request.ERROR: Symfony\Component\HttpKernel\Exception\NotFoundHttpException: No route found for "HEAD /" (uncaught exception) at C:\wamp2\www\php\karudev\Symfony\app\cache\prod\classes.php line 5215 [] []
[2013-01-11 09:09:15] request.ERROR: Symfony\Component\HttpKernel\Exception\NotFoundHttpException: No route found for "GET /" (uncaught exception) at C:\wamp2\www\php\karudev\Symfony\app\cache\prod\classes.php line 5215 [] []
[2013-01-11 09:09:18] request.ERROR: Symfony\Component\HttpKernel\Exception\NotFoundHttpException: No route found for "GET /" (uncaught exception) at C:\wamp2\www\php\karudev\Symfony\app\cache\prod\classes.php line 5215 [] []
[2013-01-11 09:09:22] request.ERROR: Symfony\Component\HttpKernel\Exception\NotFoundHttpException: No route found for "HEAD /app_dev" (uncaught exception) at C:\wamp2\www\php\karudev\Symfony\app\cache\prod\classes.php line 5215 [] []
[2013-01-11 09:09:26] request.ERROR: Symfony\Component\HttpKernel\Exception\NotFoundHttpException: No route found for "GET /" (uncaught exception) at C:\wamp2\www\php\karudev\Symfony\app\cache\prod\classes.php line 5215 [] []
[2013-01-11 09:09:41] request.ERROR: Symfony\Component\HttpKernel\Exception\NotFoundHttpException: No route found for "GET /bundles/karudev/images/prestations/free.png" (uncaught exception) at C:\wamp2\www\php\karudev\Symfony\app\cache\prod\classes.php line 5215 [] []
[2013-01-11 09:10:06] request.ERROR: Symfony\Component\HttpKernel\Exception\NotFoundHttpException: No route found for "GET /bundles/karudev/images/prestations/free.png" (uncaught exception) at C:\wamp2\www\php\karudev\Symfony\app\cache\prod\classes.php line 5215 [] []
[2013-01-11 09:11:34] request.ERROR: Symfony\Component\HttpKernel\Exception\NotFoundHttpException: No route found for "GET /bundles/karudev/images/prestations/free.png" (uncaught exception) at C:\wamp2\www\php\karudev\Symfony\app\cache\prod\classes.php line 5215 [] []
[2013-01-11 09:11:35] request.ERROR: Symfony\Component\HttpKernel\Exception\NotFoundHttpException: No route found for "GET /bundles/karudev/images/prestations/free.png" (uncaught exception) at C:\wamp2\www\php\karudev\Symfony\app\cache\prod\classes.php line 5215 [] []
[2013-01-11 09:12:31] request.ERROR: Symfony\Component\HttpKernel\Exception\NotFoundHttpException: No route found for "GET /bundles/karudev/images/prestations/free.png" (uncaught exception) at C:\wamp2\www\php\karudev\Symfony\app\cache\prod\classes.php line 5215 [] []
[2013-01-11 09:12:31] request.ERROR: Symfony\Component\HttpKernel\Exception\NotFoundHttpException: No route found for "GET /favicon.png" (uncaught exception) at C:\wamp2\www\php\karudev\Symfony\app\cache\prod\classes.php line 5215 [] []
[2013-01-11 09:12:31] request.ERROR: Symfony\Component\HttpKernel\Exception\NotFoundHttpException: No route found for "GET /favicon.png" (uncaught exception) at C:\wamp2\www\php\karudev\Symfony\app\cache\prod\classes.php line 5215 [] []
[2013-01-11 09:12:46] request.ERROR: Symfony\Component\HttpKernel\Exception\NotFoundHttpException: No route found for "GET /bundles/karudev/images/prestations/free.png" (uncaught exception) at C:\wamp2\www\php\karudev\Symfony\app\cache\prod\classes.php line 5215 [] []
[2013-01-11 09:19:45] request.ERROR: Symfony\Component\HttpKernel\Exception\NotFoundHttpException: No route found for "GET /config" (uncaught exception) at C:\wamp2\www\php\karudev\Symfony\app\cache\prod\classes.php line 5215 [] []
[2013-01-11 09:42:20] request.ERROR: Symfony\Component\HttpKernel\Exception\NotFoundHttpException: No route found for "GET /bundles/karudev/img/glyphicons-halflings.png" (uncaught exception) at C:\wamp2\www\php\karudev\Symfony\app\cache\prod\classes.php line 5215 [] []
[2013-01-11 09:58:54] request.ERROR: Symfony\Component\HttpKernel\Exception\NotFoundHttpException: No route found for "GET /bundles/karudev/css/bootstrap-responsive.css" (uncaught exception) at C:\wamp2\www\php\karudev\Symfony\app\cache\prod\classes.php line 5215 [] []
[2013-01-11 09:59:03] request.ERROR: Symfony\Component\HttpKernel\Exception\NotFoundHttpException: No route found for "GET /bundles/karudev/images/prestations/free.png" (uncaught exception) at C:\wamp2\www\php\karudev\Symfony\app\cache\prod\classes.php line 5215 [] []
[2013-01-11 09:59:03] request.ERROR: Symfony\Component\HttpKernel\Exception\NotFoundHttpException: No route found for "GET /bundles/karudev/css/bootstrap-responsive.css" (uncaught exception) at C:\wamp2\www\php\karudev\Symfony\app\cache\prod\classes.php line 5215 [] []
[2013-01-11 09:59:09] request.ERROR: Symfony\Component\HttpKernel\Exception\NotFoundHttpException: No route found for "GET /bundles/karudev/css/bootstrap-responsive.css" (uncaught exception) at C:\wamp2\www\php\karudev\Symfony\app\cache\prod\classes.php line 5215 [] []
[2013-01-11 09:59:10] request.ERROR: Symfony\Component\HttpKernel\Exception\NotFoundHttpException: No route found for "GET /bundles/karudev/css/bootstrap-responsive.css" (uncaught exception) at C:\wamp2\www\php\karudev\Symfony\app\cache\prod\classes.php line 5215 [] []
[2013-01-11 09:59:13] request.ERROR: Symfony\Component\HttpKernel\Exception\NotFoundHttpException: No route found for "GET /bundles/karudev/css/bootstrap-responsive.css" (uncaught exception) at C:\wamp2\www\php\karudev\Symfony\app\cache\prod\classes.php line 5215 [] []
[2013-01-11 09:59:13] request.ERROR: Symfony\Component\HttpKernel\Exception\NotFoundHttpException: No route found for "GET /bundles/karudev/images/logos/twitter.jpeg" (uncaught exception) at C:\wamp2\www\php\karudev\Symfony\app\cache\prod\classes.php line 5215 [] []
[2013-01-11 09:59:13] request.ERROR: Symfony\Component\HttpKernel\Exception\NotFoundHttpException: No route found for "GET /bundles/karudev/images/logos/karudev_mini.png" (uncaught exception) at C:\wamp2\www\php\karudev\Symfony\app\cache\prod\classes.php line 5215 [] []
[2013-01-11 09:59:20] request.ERROR: Symfony\Component\HttpKernel\Exception\NotFoundHttpException: No route found for "GET /bundles/karudev/images/prestations/free.png" (uncaught exception) at C:\wamp2\www\php\karudev\Symfony\app\cache\prod\classes.php line 5215 [] []
[2013-01-11 16:05:07] request.ERROR: Symfony\Component\HttpKernel\Exception\NotFoundHttpException: No route found for "GET /" (uncaught exception) at C:\wamp2\www\php\karudev\Symfony\app\cache\prod\classes.php line 5215 [] []
[2013-01-11 16:05:14] request.ERROR: Symfony\Component\HttpKernel\Exception\NotFoundHttpException: No route found for "GET /bundles/karudev/images/prestations/free.png" (uncaught exception) at C:\wamp2\www\php\karudev\Symfony\app\cache\prod\classes.php line 5215 [] []
[2013-01-11 16:05:17] request.ERROR: Symfony\Component\HttpKernel\Exception\NotFoundHttpException: No route found for "GET /bundles/karudev/images/logos/twitter.jpeg" (uncaught exception) at C:\wamp2\www\php\karudev\Symfony\app\cache\prod\classes.php line 5215 [] []
[2013-01-11 16:05:17] request.ERROR: Symfony\Component\HttpKernel\Exception\NotFoundHttpException: No route found for "GET /bundles/karudev/images/logos/karudev_mini.png" (uncaught exception) at C:\wamp2\www\php\karudev\Symfony\app\cache\prod\classes.php line 5215 [] []
[2013-01-16 09:42:31] request.ERROR: Symfony\Component\HttpKernel\Exception\NotFoundHttpException: No route found for "GET /" (uncaught exception) at C:\wamp2\www\php\karudev\Symfony\app\cache\prod\classes.php line 5215 [] []
[2013-01-16 09:42:55] request.ERROR: Symfony\Component\HttpKernel\Exception\NotFoundHttpException: No route found for "GET /bundles/karudev/images/photos/moi.jpg" (uncaught exception) at C:\wamp2\www\php\karudev\Symfony\app\cache\prod\classes.php line 5215 [] []
[2013-01-16 09:42:55] request.ERROR: Symfony\Component\HttpKernel\Exception\NotFoundHttpException: No route found for "GET /bundles/karudev/images/divers/responsive.jpeg" (uncaught exception) at C:\wamp2\www\php\karudev\Symfony\app\cache\prod\classes.php line 5215 [] []
[2013-01-16 09:42:55] request.ERROR: Symfony\Component\HttpKernel\Exception\NotFoundHttpException: No route found for "GET /bundles/karudev/images/prestations/muzicast.png" (uncaught exception) at C:\wamp2\www\php\karudev\Symfony\app\cache\prod\classes.php line 5215 [] []
[2013-01-16 09:42:55] request.ERROR: Symfony\Component\HttpKernel\Exception\NotFoundHttpException: No route found for "GET /bundles/karudev/images/prestations/presta3.png" (uncaught exception) at C:\wamp2\www\php\karudev\Symfony\app\cache\prod\classes.php line 5215 [] []
[2013-01-16 09:42:55] request.ERROR: Symfony\Component\HttpKernel\Exception\NotFoundHttpException: No route found for "GET /bundles/karudev/images/prestations/jeux.png" (uncaught exception) at C:\wamp2\www\php\karudev\Symfony\app\cache\prod\classes.php line 5215 [] []
[2013-01-16 09:42:55] request.ERROR: Symfony\Component\HttpKernel\Exception\NotFoundHttpException: No route found for "GET /bundles/karudev/images/prestations/gig.png" (uncaught exception) at C:\wamp2\www\php\karudev\Symfony\app\cache\prod\classes.php line 5215 [] []
[2013-01-16 09:42:56] request.ERROR: Symfony\Component\HttpKernel\Exception\NotFoundHttpException: No route found for "GET /bundles/karudev/images/prestations/club.png" (uncaught exception) at C:\wamp2\www\php\karudev\Symfony\app\cache\prod\classes.php line 5215 [] []
[2013-01-16 09:42:56] request.ERROR: Symfony\Component\HttpKernel\Exception\NotFoundHttpException: No route found for "GET /bundles/karudev/images/prestations/free.png" (uncaught exception) at C:\wamp2\www\php\karudev\Symfony\app\cache\prod\classes.php line 5215 [] []
[2013-01-16 09:42:56] request.ERROR: Symfony\Component\HttpKernel\Exception\NotFoundHttpException: No route found for "GET /favicon.png" (uncaught exception) at C:\wamp2\www\php\karudev\Symfony\app\cache\prod\classes.php line 5215 [] []
[2013-01-16 09:42:56] request.ERROR: Symfony\Component\HttpKernel\Exception\NotFoundHttpException: No route found for "GET /favicon.png" (uncaught exception) at C:\wamp2\www\php\karudev\Symfony\app\cache\prod\classes.php line 5215 [] []
[2013-01-16 09:43:00] request.ERROR: Symfony\Component\HttpKernel\Exception\NotFoundHttpException: No route found for "GET /bundles/karudev/images/logos/twitter.jpeg" (uncaught exception) at C:\wamp2\www\php\karudev\Symfony\app\cache\prod\classes.php line 5215 [] []
[2013-01-16 09:43:00] request.ERROR: Symfony\Component\HttpKernel\Exception\NotFoundHttpException: No route found for "GET /bundles/karudev/images/logos/karudev_mini.png" (uncaught exception) at C:\wamp2\www\php\karudev\Symfony\app\cache\prod\classes.php line 5215 [] []
[2013-01-16 09:43:03] request.ERROR: Symfony\Component\HttpKernel\Exception\NotFoundHttpException: No route found for "GET /bundles/karudev/images/photos/moi.jpg" (uncaught exception) at C:\wamp2\www\php\karudev\Symfony\app\cache\prod\classes.php line 5215 [] []
[2013-01-16 09:43:04] request.ERROR: Symfony\Component\HttpKernel\Exception\NotFoundHttpException: No route found for "GET /bundles/karudev/images/divers/responsive.jpeg" (uncaught exception) at C:\wamp2\www\php\karudev\Symfony\app\cache\prod\classes.php line 5215 [] []
[2013-01-16 09:43:04] request.ERROR: Symfony\Component\HttpKernel\Exception\NotFoundHttpException: No route found for "GET /bundles/karudev/images/prestations/muzicast.png" (uncaught exception) at C:\wamp2\www\php\karudev\Symfony\app\cache\prod\classes.php line 5215 [] []
[2013-01-16 09:43:04] request.ERROR: Symfony\Component\HttpKernel\Exception\NotFoundHttpException: No route found for "GET /bundles/karudev/images/prestations/presta3.png" (uncaught exception) at C:\wamp2\www\php\karudev\Symfony\app\cache\prod\classes.php line 5215 [] []
[2013-01-16 09:43:04] request.ERROR: Symfony\Component\HttpKernel\Exception\NotFoundHttpException: No route found for "GET /bundles/karudev/images/prestations/club.png" (uncaught exception) at C:\wamp2\www\php\karudev\Symfony\app\cache\prod\classes.php line 5215 [] []
[2013-01-16 09:43:04] request.ERROR: Symfony\Component\HttpKernel\Exception\NotFoundHttpException: No route found for "GET /bundles/karudev/images/prestations/free.png" (uncaught exception) at C:\wamp2\www\php\karudev\Symfony\app\cache\prod\classes.php line 5215 [] []
[2013-01-16 09:43:04] request.ERROR: Symfony\Component\HttpKernel\Exception\NotFoundHttpException: No route found for "GET /bundles/karudev/images/prestations/jeux.png" (uncaught exception) at C:\wamp2\www\php\karudev\Symfony\app\cache\prod\classes.php line 5215 [] []
[2013-01-16 09:43:04] request.ERROR: Symfony\Component\HttpKernel\Exception\NotFoundHttpException: No route found for "GET /bundles/karudev/images/prestations/gig.png" (uncaught exception) at C:\wamp2\www\php\karudev\Symfony\app\cache\prod\classes.php line 5215 [] []
[2013-01-16 09:43:11] request.ERROR: Symfony\Component\HttpKernel\Exception\NotFoundHttpException: No route found for "GET /" (uncaught exception) at C:\wamp2\www\php\karudev\Symfony\app\cache\prod\classes.php line 5215 [] []
[2013-01-16 09:43:40] request.ERROR: Symfony\Component\HttpKernel\Exception\NotFoundHttpException: No route found for "GET /bundles/karudev/images/logos/karudev_mini.png" (uncaught exception) at C:\wamp2\www\php\karudev\Symfony\app\cache\prod\classes.php line 5215 [] []
[2013-01-16 09:43:40] request.ERROR: Symfony\Component\HttpKernel\Exception\NotFoundHttpException: No route found for "GET /bundles/karudev/images/logos/twitter.jpeg" (uncaught exception) at C:\wamp2\www\php\karudev\Symfony\app\cache\prod\classes.php line 5215 [] []
[2013-01-16 09:44:35] request.ERROR: Symfony\Component\HttpKernel\Exception\NotFoundHttpException: No route found for "GET /bundles/karudev/images/photos/moi.jpg" (uncaught exception) at C:\wamp2\www\php\karudev\Symfony\app\cache\prod\classes.php line 5215 [] []
[2013-01-16 09:44:35] request.ERROR: Symfony\Component\HttpKernel\Exception\NotFoundHttpException: No route found for "GET /bundles/karudev/images/prestations/club.png" (uncaught exception) at C:\wamp2\www\php\karudev\Symfony\app\cache\prod\classes.php line 5215 [] []
[2013-01-16 09:44:35] request.ERROR: Symfony\Component\HttpKernel\Exception\NotFoundHttpException: No route found for "GET /bundles/karudev/images/divers/responsive.jpeg" (uncaught exception) at C:\wamp2\www\php\karudev\Symfony\app\cache\prod\classes.php line 5215 [] []
[2013-01-16 09:44:35] request.ERROR: Symfony\Component\HttpKernel\Exception\NotFoundHttpException: No route found for "GET /bundles/karudev/images/prestations/presta3.png" (uncaught exception) at C:\wamp2\www\php\karudev\Symfony\app\cache\prod\classes.php line 5215 [] []
[2013-01-16 09:44:35] request.ERROR: Symfony\Component\HttpKernel\Exception\NotFoundHttpException: No route found for "GET /bundles/karudev/images/prestations/jeux.png" (uncaught exception) at C:\wamp2\www\php\karudev\Symfony\app\cache\prod\classes.php line 5215 [] []
[2013-01-16 09:44:36] request.ERROR: Symfony\Component\HttpKernel\Exception\NotFoundHttpException: No route found for "GET /bundles/karudev/images/prestations/gig.png" (uncaught exception) at C:\wamp2\www\php\karudev\Symfony\app\cache\prod\classes.php line 5215 [] []
[2013-01-16 09:44:36] request.ERROR: Symfony\Component\HttpKernel\Exception\NotFoundHttpException: No route found for "GET /bundles/karudev/images/prestations/free.png" (uncaught exception) at C:\wamp2\www\php\karudev\Symfony\app\cache\prod\classes.php line 5215 [] []
[2013-01-16 09:44:36] request.ERROR: Symfony\Component\HttpKernel\Exception\NotFoundHttpException: No route found for "GET /bundles/karudev/images/prestations/muzicast.png" (uncaught exception) at C:\wamp2\www\php\karudev\Symfony\app\cache\prod\classes.php line 5215 [] []
[2013-01-16 09:45:05] request.ERROR: Symfony\Component\HttpKernel\Exception\NotFoundHttpException: No route found for "GET /bundles/karudev/images/photos/moi.jpg" (uncaught exception) at C:\wamp2\www\php\karudev\Symfony\app\cache\prod\classes.php line 5215 [] []
[2013-01-16 09:45:05] request.ERROR: Symfony\Component\HttpKernel\Exception\NotFoundHttpException: No route found for "GET /bundles/karudev/images/prestations/muzicast.png" (uncaught exception) at C:\wamp2\www\php\karudev\Symfony\app\cache\prod\classes.php line 5215 [] []
[2013-01-16 09:45:06] request.ERROR: Symfony\Component\HttpKernel\Exception\NotFoundHttpException: No route found for "GET /bundles/karudev/images/divers/responsive.jpeg" (uncaught exception) at C:\wamp2\www\php\karudev\Symfony\app\cache\prod\classes.php line 5215 [] []
[2013-01-16 09:45:06] request.ERROR: Symfony\Component\HttpKernel\Exception\NotFoundHttpException: No route found for "GET /bundles/karudev/images/prestations/jeux.png" (uncaught exception) at C:\wamp2\www\php\karudev\Symfony\app\cache\prod\classes.php line 5215 [] []
[2013-01-16 09:45:06] request.ERROR: Symfony\Component\HttpKernel\Exception\NotFoundHttpException: No route found for "GET /bundles/karudev/images/prestations/presta3.png" (uncaught exception) at C:\wamp2\www\php\karudev\Symfony\app\cache\prod\classes.php line 5215 [] []
[2013-01-16 09:45:06] request.ERROR: Symfony\Component\HttpKernel\Exception\NotFoundHttpException: No route found for "GET /bundles/karudev/images/prestations/free.png" (uncaught exception) at C:\wamp2\www\php\karudev\Symfony\app\cache\prod\classes.php line 5215 [] []
[2013-01-16 09:45:06] request.ERROR: Symfony\Component\HttpKernel\Exception\NotFoundHttpException: No route found for "GET /bundles/karudev/images/prestations/gig.png" (uncaught exception) at C:\wamp2\www\php\karudev\Symfony\app\cache\prod\classes.php line 5215 [] []
[2013-01-16 09:47:17] request.ERROR: Symfony\Component\HttpKernel\Exception\NotFoundHttpException: No route found for "GET /bundles/karudevsite/img/glyphicons-halflings.png" (uncaught exception) at C:\wamp2\www\php\karudev\Symfony\app\cache\prod\classes.php line 5215 [] []
[2013-01-21 09:34:37] request.ERROR: Symfony\Component\HttpKernel\Exception\NotFoundHttpException: No route found for "GET /" (uncaught exception) at C:\wamp2\www\php\karudev\Symfony\app\cache\prod\classes.php line 5215 [] []
[2013-01-21 09:35:24] request.ERROR: Symfony\Component\HttpKernel\Exception\NotFoundHttpException: No route found for "GET /favicon.png" (uncaught exception) at C:\wamp2\www\php\karudev\Symfony\app\cache\prod\classes.php line 5215 [] []
[2013-01-21 09:35:24] request.ERROR: Symfony\Component\HttpKernel\Exception\NotFoundHttpException: No route found for "GET /favicon.png" (uncaught exception) at C:\wamp2\www\php\karudev\Symfony\app\cache\prod\classes.php line 5215 [] []
[2013-01-21 23:56:35] request.ERROR: Symfony\Component\HttpKernel\Exception\NotFoundHttpException: No route found for "GET /bundles/karudev/css/bootstrap.css" (uncaught exception) at C:\wamp\www\karudev\Symfony\vendor\symfony\symfony\src\Symfony\Component\HttpKernel\EventListener\RouterListener.php line 92 [] []
[2013-01-21 23:56:35] request.ERROR: Symfony\Component\HttpKernel\Exception\NotFoundHttpException: No route found for "GET /bundles/karudev/images/photos/moi.jpg" (uncaught exception) at C:\wamp\www\karudev\Symfony\vendor\symfony\symfony\src\Symfony\Component\HttpKernel\EventListener\RouterListener.php line 92 [] []
[2013-01-21 23:56:35] request.ERROR: Symfony\Component\HttpKernel\Exception\NotFoundHttpException: No route found for "GET /bundles/karudev/css/roundabout.css" (uncaught exception) at C:\wamp\www\karudev\Symfony\vendor\symfony\symfony\src\Symfony\Component\HttpKernel\EventListener\RouterListener.php line 92 [] []
[2013-01-21 23:56:35] request.ERROR: Symfony\Component\HttpKernel\Exception\NotFoundHttpException: No route found for "GET /bundles/karudev/css/base.css" (uncaught exception) at C:\wamp\www\karudev\Symfony\vendor\symfony\symfony\src\Symfony\Component\HttpKernel\EventListener\RouterListener.php line 92 [] []
[2013-01-21 23:56:35] request.ERROR: Symfony\Component\HttpKernel\Exception\NotFoundHttpException: No route found for "GET /bundles/karudev/css/bootstrap-responsive.css" (uncaught exception) at C:\wamp\www\karudev\Symfony\vendor\symfony\symfony\src\Symfony\Component\HttpKernel\EventListener\RouterListener.php line 92 [] []
[2013-01-21 23:56:36] request.ERROR: Symfony\Component\HttpKernel\Exception\NotFoundHttpException: No route found for "GET /bundles/karudev/js/jquery.iphone-slide.min.js" (uncaught exception) at C:\wamp\www\karudev\Symfony\vendor\symfony\symfony\src\Symfony\Component\HttpKernel\EventListener\RouterListener.php line 92 [] []
[2013-01-21 23:56:36] request.ERROR: Symfony\Component\HttpKernel\Exception\NotFoundHttpException: No route found for "GET /bundles/karudev/js/jquery-1.7.2.min.js" (uncaught exception) at C:\wamp\www\karudev\Symfony\vendor\symfony\symfony\src\Symfony\Component\HttpKernel\EventListener\RouterListener.php line 92 [] []
[2013-01-21 23:56:36] request.ERROR: Symfony\Component\HttpKernel\Exception\NotFoundHttpException: No route found for "GET /bundles/karudev/js/jquery.roundabout.js" (uncaught exception) at C:\wamp\www\karudev\Symfony\vendor\symfony\symfony\src\Symfony\Component\HttpKernel\EventListener\RouterListener.php line 92 [] []
[2013-01-21 23:56:36] request.ERROR: Symfony\Component\HttpKernel\Exception\NotFoundHttpException: No route found for "GET /bundles/karudev/images/prestations/club.png" (uncaught exception) at C:\wamp\www\karudev\Symfony\app\cache\prod\classes.php line 5215 [] []
[2013-01-21 23:56:36] request.ERROR: Symfony\Component\HttpKernel\Exception\NotFoundHttpException: No route found for "GET /bundles/karudev/images/divers/responsive.jpeg" (uncaught exception) at C:\wamp\www\karudev\Symfony\vendor\symfony\symfony\src\Symfony\Component\HttpKernel\EventListener\RouterListener.php line 92 [] []
[2013-01-21 23:56:36] request.ERROR: Symfony\Component\HttpKernel\Exception\NotFoundHttpException: No route found for "GET /bundles/karudev/images/prestations/presta3.png" (uncaught exception) at C:\wamp\www\karudev\Symfony\app\cache\prod\classes.php line 5215 [] []
[2013-01-21 23:56:36] request.ERROR: Symfony\Component\HttpKernel\Exception\NotFoundHttpException: No route found for "GET /bundles/karudev/images/prestations/jeux.png" (uncaught exception) at C:\wamp\www\karudev\Symfony\app\cache\prod\classes.php line 5215 [] []
[2013-01-21 23:56:36] request.ERROR: Symfony\Component\HttpKernel\Exception\NotFoundHttpException: No route found for "GET /bundles/karudev/images/prestations/gig.png" (uncaught exception) at C:\wamp\www\karudev\Symfony\app\cache\prod\classes.php line 5215 [] []
[2013-01-21 23:56:36] request.ERROR: Symfony\Component\HttpKernel\Exception\NotFoundHttpException: No route found for "GET /bundles/karudev/js/jquery.easing.1.3.min.js" (uncaught exception) at C:\wamp\www\karudev\Symfony\vendor\symfony\symfony\src\Symfony\Component\HttpKernel\EventListener\RouterListener.php line 92 [] []
[2013-01-21 23:56:36] request.ERROR: Symfony\Component\HttpKernel\Exception\NotFoundHttpException: No route found for "GET /bundles/karudev/images/prestations/muzicast.png" (uncaught exception) at C:\wamp\www\karudev\Symfony\vendor\symfony\symfony\src\Symfony\Component\HttpKernel\EventListener\RouterListener.php line 92 [] []
[2013-01-21 23:56:36] request.ERROR: Symfony\Component\HttpKernel\Exception\NotFoundHttpException: No route found for "GET /bundles/karudev/images/prestations/free.png" (uncaught exception) at C:\wamp\www\karudev\Symfony\app\cache\prod\classes.php line 5215 [] []
[2013-01-21 23:56:37] request.ERROR: Symfony\Component\HttpKernel\Exception\NotFoundHttpException: No route found for "GET /bundles/karudev/js/jquery.iphone-slide.min.js" (uncaught exception) at C:\wamp\www\karudev\Symfony\app\cache\prod\classes.php line 5215 [] []
[2013-01-21 23:56:37] request.ERROR: Symfony\Component\HttpKernel\Exception\NotFoundHttpException: No route found for "GET /bundles/karudev/js/jquery.roundabout.js" (uncaught exception) at C:\wamp\www\karudev\Symfony\app\cache\prod\classes.php line 5215 [] []
[2013-01-21 23:56:47] request.ERROR: Symfony\Component\HttpKernel\Exception\NotFoundHttpException: No route found for "GET /bundles/karudev/images/prestations/jeux.png" (uncaught exception) at C:\wamp\www\karudev\Symfony\app\cache\prod\classes.php line 5215 [] []
[2013-01-21 23:56:47] request.ERROR: Symfony\Component\HttpKernel\Exception\NotFoundHttpException: No route found for "GET /bundles/karudev/images/divers/responsive.jpeg" (uncaught exception) at C:\wamp\www\karudev\Symfony\app\cache\prod\classes.php line 5215 [] []
[2013-01-21 23:56:47] request.ERROR: Symfony\Component\HttpKernel\Exception\NotFoundHttpException: No route found for "GET /bundles/karudev/images/prestations/muzicast.png" (uncaught exception) at C:\wamp\www\karudev\Symfony\app\cache\prod\classes.php line 5215 [] []
[2013-01-21 23:56:47] request.ERROR: Symfony\Component\HttpKernel\Exception\NotFoundHttpException: No route found for "GET /bundles/karudev/images/prestations/club.png" (uncaught exception) at C:\wamp\www\karudev\Symfony\app\cache\prod\classes.php line 5215 [] []
[2013-01-21 23:56:47] request.ERROR: Symfony\Component\HttpKernel\Exception\NotFoundHttpException: No route found for "GET /bundles/karudev/images/prestations/presta3.png" (uncaught exception) at C:\wamp\www\karudev\Symfony\app\cache\prod\classes.php line 5215 [] []
[2013-01-21 23:56:47] request.ERROR: Symfony\Component\HttpKernel\Exception\NotFoundHttpException: No route found for "GET /bundles/karudev/images/photos/moi.jpg" (uncaught exception) at C:\wamp\www\karudev\Symfony\app\cache\prod\classes.php line 5215 [] []
[2013-01-21 23:56:47] request.ERROR: Symfony\Component\HttpKernel\Exception\NotFoundHttpException: No route found for "GET /bundles/karudev/images/prestations/gig.png" (uncaught exception) at C:\wamp\www\karudev\Symfony\app\cache\prod\classes.php line 5215 [] []
[2013-01-21 23:56:47] request.ERROR: Symfony\Component\HttpKernel\Exception\NotFoundHttpException: No route found for "GET /bundles/karudev/images/prestations/free.png" (uncaught exception) at C:\wamp\www\karudev\Symfony\app\cache\prod\classes.php line 5215 [] []
[2013-01-21 23:56:53] request.ERROR: Symfony\Component\HttpKernel\Exception\NotFoundHttpException: No route found for "GET /bundles/karudev/css/roundabout.css" (uncaught exception) at C:\wamp\www\karudev\Symfony\app\cache\prod\classes.php line 5215 [] []
[2013-01-21 23:56:53] request.ERROR: Symfony\Component\HttpKernel\Exception\NotFoundHttpException: No route found for "GET /bundles/karudev/css/main.css" (uncaught exception) at C:\wamp\www\karudev\Symfony\app\cache\prod\classes.php line 5215 [] []
[2013-01-21 23:56:53] request.ERROR: Symfony\Component\HttpKernel\Exception\NotFoundHttpException: No route found for "GET /bundles/karudev/css/bootstrap.css" (uncaught exception) at C:\wamp\www\karudev\Symfony\app\cache\prod\classes.php line 5215 [] []
[2013-01-21 23:56:53] request.ERROR: Symfony\Component\HttpKernel\Exception\NotFoundHttpException: No route found for "GET /bundles/karudev/css/base.css" (uncaught exception) at C:\wamp\www\karudev\Symfony\app\cache\prod\classes.php line 5215 [] []
[2013-01-21 23:56:53] request.ERROR: Symfony\Component\HttpKernel\Exception\NotFoundHttpException: No route found for "GET /bundles/karudev/images/photos/moi.jpg" (uncaught exception) at C:\wamp\www\karudev\Symfony\app\cache\prod\classes.php line 5215 [] []
[2013-01-21 23:56:53] request.ERROR: Symfony\Component\HttpKernel\Exception\NotFoundHttpException: No route found for "GET /bundles/karudev/css/bootstrap-responsive.css" (uncaught exception) at C:\wamp\www\karudev\Symfony\app\cache\prod\classes.php line 5215 [] []
[2013-01-21 23:56:54] request.ERROR: Symfony\Component\HttpKernel\Exception\NotFoundHttpException: No route found for "GET /bundles/karudev/js/jquery-1.7.2.min.js" (uncaught exception) at C:\wamp\www\karudev\Symfony\app\cache\prod\classes.php line 5215 [] []
[2013-01-21 23:56:54] request.ERROR: Symfony\Component\HttpKernel\Exception\NotFoundHttpException: No route found for "GET /bundles/karudev/js/jquery.easing.1.3.min.js" (uncaught exception) at C:\wamp\www\karudev\Symfony\app\cache\prod\classes.php line 5215 [] []
[2013-01-21 23:56:54] request.ERROR: Symfony\Component\HttpKernel\Exception\NotFoundHttpException: No route found for "GET /bundles/karudev/js/jquery.iphone-slide.min.js" (uncaught exception) at C:\wamp\www\karudev\Symfony\app\cache\prod\classes.php line 5215 [] []
[2013-01-21 23:56:54] request.ERROR: Symfony\Component\HttpKernel\Exception\NotFoundHttpException: No route found for "GET /bundles/karudev/js/jquery.roundabout.js" (uncaught exception) at C:\wamp\www\karudev\Symfony\app\cache\prod\classes.php line 5215 [] []
[2013-01-21 23:56:54] request.ERROR: Symfony\Component\HttpKernel\Exception\NotFoundHttpException: No route found for "GET /bundles/karudev/images/divers/responsive.jpeg" (uncaught exception) at C:\wamp\www\karudev\Symfony\app\cache\prod\classes.php line 5215 [] []
[2013-01-21 23:56:54] request.ERROR: Symfony\Component\HttpKernel\Exception\NotFoundHttpException: No route found for "GET /bundles/karudev/images/prestations/muzicast.png" (uncaught exception) at C:\wamp\www\karudev\Symfony\app\cache\prod\classes.php line 5215 [] []
[2013-01-21 23:56:54] request.ERROR: Symfony\Component\HttpKernel\Exception\NotFoundHttpException: No route found for "GET /bundles/karudev/images/prestations/club.png" (uncaught exception) at C:\wamp\www\karudev\Symfony\app\cache\prod\classes.php line 5215 [] []
[]
[2013-01-21 23:56:54] request.ERROR: Symfony\Component\HttpKernel\Exception\NotFoundHttpException: No route found for "GET /bundles/karudev/images/prestations/jeux.png" (uncaught exception) at C:\wamp\www\karudev\Symfony\app\cache\prod\classes.php line 5215 [] []
[2013-01-21 23:56:54] request.ERROR: Symfony\Component\HttpKernel\Exception\NotFoundHttpException: No route found for "GET /bundles/karudev/images/prestations/gig.png" (uncaught exception) at C:\wamp\www\karudev\Symfony\app\cache\prod\classes.php line 5215 [] []
[2013-01-21 23:56:54] request.ERROR: Symfony\Component\HttpKernel\Exception\NotFoundHttpException: No route found for "GET /bundles/karudev/images/prestations/free.png" (uncaught exception) at C:\wamp\www\karudev\Symfony\app\cache\prod\classes.php line 5215 [] []
[2013-01-21 23:56:54] request.ERROR: Symfony\Component\HttpKernel\Exception\NotFoundHttpException: No route found for "GET /bundles/karudev/js/jquery.easing.1.3.min.js" (uncaught exception) at C:\wamp\www\karudev\Symfony\app\cache\prod\classes.php line 5215 [] []
[2013-01-21 23:56:54] request.ERROR: Symfony\Component\HttpKernel\Exception\NotFoundHttpException: No route found for "GET /bundles/karudev/js/jquery.iphone-slide.min.js" (uncaught exception) at C:\wamp\www\karudev\Symfony\app\cache\prod\classes.php line 5215 [] []
[2013-01-21 23:56:55] request.ERROR: Symfony\Component\HttpKernel\Exception\NotFoundHttpException: No route found for "GET /bundles/karudev/js/jquery.roundabout.js" (uncaught exception) at C:\wamp\www\karudev\Symfony\app\cache\prod\classes.php line 5215 [] []
[2013-01-21 23:57:53] request.ERROR: Symfony\Component\HttpKernel\Exception\NotFoundHttpException: No route found for "GET /bundles/karudev/images/prestations/muzicast.png" (uncaught exception) at C:\wamp\www\karudev\Symfony\app\cache\prod\classes.php line 5215 [] []
[2013-01-21 23:57:53] request.ERROR: Symfony\Component\HttpKernel\Exception\NotFoundHttpException: No route found for "GET /bundles/karudev/images/photos/moi.jpg" (uncaught exception) at C:\wamp\www\karudev\Symfony\app\cache\prod\classes.php line 5215 [] []
[2013-01-21 23:57:53] request.ERROR: Symfony\Component\HttpKernel\Exception\NotFoundHttpException: No route found for "GET /bundles/karudev/images/prestations/jeux.png" (uncaught exception) at C:\wamp\www\karudev\Symfony\app\cache\prod\classes.php line 5215 [] []
[2013-01-21 23:57:53] request.ERROR: Symfony\Component\HttpKernel\Exception\NotFoundHttpException: No route found for "GET /bundles/karudev/images/divers/responsive.jpeg" (uncaught exception) at C:\wamp\www\karudev\Symfony\app\cache\prod\classes.php line 5215 [] []
[2013-01-21 23:57:53] request.ERROR: Symfony\Component\HttpKernel\Exception\NotFoundHttpException: No route found for "GET /bundles/karudev/images/prestations/club.png" (uncaught exception) at C:\wamp\www\karudev\Symfony\app\cache\prod\classes.php line 5215 [] []
[2013-01-21 23:57:53] request.ERROR: Symfony\Component\HttpKernel\Exception\NotFoundHttpException: No route found for "GET /bundles/karudev/images/prestations/presta3.png" (uncaught exception) at C:\wamp\www\karudev\Symfony\app\cache\prod\classes.php line 5215 [] []
[2013-01-21 23:57:53] request.ERROR: Symfony\Component\HttpKernel\Exception\NotFoundHttpException: No route found for "GET /bundles/karudev/images/prestations/gig.png" (uncaught exception) at C:\wamp\www\karudev\Symfony\app\cache\prod\classes.php line 5215 [] []
[2013-01-21 23:57:53] request.ERROR: Symfony\Component\HttpKernel\Exception\NotFoundHttpException: No route found for "GET /bundles/karudev/images/prestations/free.png" (uncaught exception) at C:\wamp\www\karudev\Symfony\app\cache\prod\classes.php line 5215 [] []
[2013-01-21 23:59:06] request.ERROR: Symfony\Component\HttpKernel\Exception\NotFoundHttpException: No route found for "GET /bundles/karudev/images/prestations/club.png" (uncaught exception) at C:\wamp\www\karudev\Symfony\app\cache\prod\classes.php line 5215 [] []
[2013-01-21 23:59:06] request.ERROR: Symfony\Component\HttpKernel\Exception\NotFoundHttpException: No route found for "GET /bundles/karudev/images/prestations/muzicast.png" (uncaught exception) at C:\wamp\www\karudev\Symfony\app\cache\prod\classes.php line 5215 [] []
[2013-01-21 23:59:06] request.ERROR: Symfony\Component\HttpKernel\Exception\NotFoundHttpException: No route found for "GET /bundles/karudev/images/prestations/presta3.png" (uncaught exception) at C:\wamp\www\karudev\Symfony\app\cache\prod\classes.php line 5215 [] []
[2013-01-21 23:59:06] request.ERROR: Symfony\Component\HttpKernel\Exception\NotFoundHttpException: No route found for "GET /bundles/karudev/images/photos/moi.jpg" (uncaught exception) at C:\wamp\www\karudev\Symfony\app\cache\prod\classes.php line 5215 [] []
[2013-01-21 23:59:06] request.ERROR: Symfony\Component\HttpKernel\Exception\NotFoundHttpException: No route found for "GET /bundles/karudev/images/prestations/jeux.png" (uncaught exception) at C:\wamp\www\karudev\Symfony\app\cache\prod\classes.php line 5215 [] []
[2013-01-21 23:59:06] request.ERROR: Symfony\Component\HttpKernel\Exception\NotFoundHttpException: No route found for "GET /bundles/karudev/images/divers/responsive.jpeg" (uncaught exception) at C:\wamp\www\karudev\Symfony\app\cache\prod\classes.php line 5215 [] []
[2013-01-21 23:59:06] request.ERROR: Symfony\Component\HttpKernel\Exception\NotFoundHttpException: No route found for "GET /bundles/karudev/images/prestations/gig.png" (uncaught exception) at C:\wamp\www\karudev\Symfony\app\cache\prod\classes.php line 5215 [] []
[2013-01-21 23:59:06] request.ERROR: Symfony\Component\HttpKernel\Exception\NotFoundHttpException: No route found for "GET /bundles/karudev/images/prestations/free.png" (uncaught exception) at C:\wamp\www\karudev\Symfony\app\cache\prod\classes.php line 5215 [] []
[2013-01-21 23:59:13] request.ERROR: Symfony\Component\HttpKernel\Exception\NotFoundHttpException: No route found for "GET /bundles/karudev/images/prestations/club.png" (uncaught exception) at C:\wamp\www\karudev\Symfony\app\cache\prod\classes.php line 5215 [] []
[2013-01-21 23:59:13] request.ERROR: Symfony\Component\HttpKernel\Exception\NotFoundHttpException: No route found for "GET /bundles/karudev/images/divers/responsive.jpeg" (uncaught exception) at C:\wamp\www\karudev\Symfony\app\cache\prod\classes.php line 5215 [] []
[2013-01-21 23:59:13] request.ERROR: Symfony\Component\HttpKernel\Exception\NotFoundHttpException: No route found for "GET /bundles/karudev/images/prestations/muzicast.png" (uncaught exception) at C:\wamp\www\karudev\Symfony\app\cache\prod\classes.php line 5215 [] []
[2013-01-21 23:59:13] request.ERROR: Symfony\Component\HttpKernel\Exception\NotFoundHttpException: No route found for "GET /bundles/karudev/images/prestations/presta3.png" (uncaught exception) at C:\wamp\www\karudev\Symfony\app\cache\prod\classes.php line 5215 [] []
[2013-01-21 23:59:13] request.ERROR: Symfony\Component\HttpKernel\Exception\NotFoundHttpException: No route found for "GET /bundles/karudev/images/prestations/jeux.png" (uncaught exception) at C:\wamp\www\karudev\Symfony\app\cache\prod\classes.php line 5215 [] []
[2013-01-21 23:59:13] request.ERROR: Symfony\Component\HttpKernel\Exception\NotFoundHttpException: No route found for "GET /bundles/karudev/images/photos/moi.jpg" (uncaught exception) at C:\wamp\www\karudev\Symfony\app\cache\prod\classes.php line 5215 [] []
[2013-01-21 23:59:13] request.ERROR: Symfony\Component\HttpKernel\Exception\NotFoundHttpException: No route found for "GET /bundles/karudev/images/prestations/free.png" (uncaught exception) at C:\wamp\www\karudev\Symfony\app\cache\prod\classes.php line 5215 [] []
[2013-01-21 23:59:13] request.ERROR: Symfony\Component\HttpKernel\Exception\NotFoundHttpException: No route found for "GET /bundles/karudev/images/prestations/gig.png" (uncaught exception) at C:\wamp\www\karudev\Symfony\app\cache\prod\classes.php line 5215 [] []
[2013-01-22 00:23:43] request.ERROR: Symfony\Component\HttpKernel\Exception\NotFoundHttpException: No route found for "GET /bundles/karudevsite/img/glyphicons-halflings.png" (uncaught exception) at C:\wamp\www\karudev\Symfony\app\cache\prod\classes.php line 5215 [] []
[2013-01-22 00:23:53] request.ERROR: Symfony\Component\HttpKernel\Exception\NotFoundHttpException: No route found for "GET /bundles/karudevsite/img/glyphicons-halflings.png" (uncaught exception) at C:\wamp\www\karudev\Symfony\app\cache\prod\classes.php line 5215 [] []
[2013-01-22 23:15:47] request.ERROR: Symfony\Component\HttpKernel\Exception\NotFoundHttpException: No route found for "GET /bundles/karudevapps/js/bootstrap.js" (uncaught exception) at C:\wamp\www\karudev\Symfony\vendor\symfony\symfony\src\Symfony\Component\HttpKernel\EventListener\RouterListener.php line 92 [] []
[2013-01-22 23:15:57] request.ERROR: Symfony\Component\HttpKernel\Exception\NotFoundHttpException: No route found for "GET /bundles/karudevapps/js/bootstrap.js" (uncaught exception) at C:\wamp\www\karudev\Symfony\vendor\symfony\symfony\src\Symfony\Component\HttpKernel\EventListener\RouterListener.php line 92 [] []
[2013-01-23 14:14:08] request.ERROR: Symfony\Component\HttpKernel\Exception\NotFoundHttpException: No route found for "GET /bundles/karudevapps/css/default.css" (uncaught exception) at C:\wamp\www\karudev\Symfony\app\cache\prod\classes.php line 5219 [] []
[2013-01-23 14:14:08] request.ERROR: Symfony\Component\HttpKernel\Exception\NotFoundHttpException: No route found for "GET /bundles/karudevapps/js/jquery-ui-1.9.2.custom.js" (uncaught exception) at C:\wamp\www\karudev\Symfony\app\cache\prod\classes.php line 5219 [] []
[2013-01-23 14:14:08] request.ERROR: Symfony\Component\HttpKernel\Exception\NotFoundHttpException: No route found for "GET /bundles/karudevapps/css/smoothness/jquery-ui-1.9.2.custom.css" (uncaught exception) at C:\wamp\www\karudev\Symfony\app\cache\prod\classes.php line 5219 [] []
[2013-01-23 14:14:10] request.ERROR: Symfony\Component\HttpKernel\Exception\NotFoundHttpException: No route found for "GET /bundles/karudevapps/css/smoothness/jquery-ui-1.9.2.custom.css" (uncaught exception) at C:\wamp\www\karudev\Symfony\app\cache\prod\classes.php line 5219 [] []
[2013-01-23 14:14:10] request.ERROR: Symfony\Component\HttpKernel\Exception\NotFoundHttpException: No route found for "GET /bundles/karudevapps/css/default.css" (uncaught exception) at C:\wamp\www\karudev\Symfony\app\cache\prod\classes.php line 5219 [] []
[2013-01-23 14:14:10] request.ERROR: Symfony\Component\HttpKernel\Exception\NotFoundHttpException: No route found for "GET /bundles/karudevapps/js/jquery-ui-1.9.2.custom.js" (uncaught exception) at C:\wamp\www\karudev\Symfony\app\cache\prod\classes.php line 5219 [] []
[2013-01-23 14:14:11] request.ERROR: Symfony\Component\HttpKernel\Exception\NotFoundHttpException: No route found for "GET /bundles/karudevapps/js/jquery-ui-1.9.2.custom.js" (uncaught exception) at C:\wamp\www\karudev\Symfony\app\cache\prod\classes.php line 5219 [] []
[2013-01-23 14:14:19] request.ERROR: Symfony\Component\HttpKernel\Exception\NotFoundHttpException: No route found for "GET /bundles/karudevapps/css/default.css" (uncaught exception) at C:\wamp\www\karudev\Symfony\app\cache\prod\classes.php line 5219 [] []
[2013-01-23 14:14:19] request.ERROR: Symfony\Component\HttpKernel\Exception\NotFoundHttpException: No route found for "GET /bundles/karudevapps/js/jquery-ui-1.9.2.custom.js" (uncaught exception) at C:\wamp\www\karudev\Symfony\app\cache\prod\classes.php line 5219 [] []
[2013-01-23 14:14:19] request.ERROR: Symfony\Component\HttpKernel\Exception\NotFoundHttpException: No route found for "GET /bundles/karudevapps/css/smoothness/jquery-ui-1.9.2.custom.css" (uncaught exception) at C:\wamp\www\karudev\Symfony\app\cache\prod\classes.php line 5219 [] []
[2013-01-23 14:14:19] request.ERROR: Symfony\Component\HttpKernel\Exception\NotFoundHttpException: No route found for "GET /bundles/karudevapps/js/jquery-ui-1.9.2.custom.js" (uncaught exception) at C:\wamp\www\karudev\Symfony\app\cache\prod\classes.php line 5219 [] []
[2013-01-23 14:14:21] request.ERROR: Symfony\Component\HttpKernel\Exception\NotFoundHttpException: No route found for "GET /bundles/karudevapps/js/jquery-ui-1.9.2.custom.js" (uncaught exception) at C:\wamp\www\karudev\Symfony\app\cache\prod\classes.php line 5219 [] []
[2013-01-23 14:14:21] request.ERROR: Symfony\Component\HttpKernel\Exception\NotFoundHttpException: No route found for "GET /bundles/karudevapps/css/default.css" (uncaught exception) at C:\wamp\www\karudev\Symfony\app\cache\prod\classes.php line 5219 [] []
[2013-01-23 14:14:21] request.ERROR: Symfony\Component\HttpKernel\Exception\NotFoundHttpException: No route found for "GET /bundles/karudevapps/css/smoothness/jquery-ui-1.9.2.custom.css" (uncaught exception) at C:\wamp\www\karudev\Symfony\app\cache\prod\classes.php line 5219 [] []
[2013-01-23 14:14:22] request.ERROR: Symfony\Component\HttpKernel\Exception\NotFoundHttpException: No route found for "GET /bundles/karudevapps/js/jquery-ui-1.9.2.custom.js" (uncaught exception) at C:\wamp\www\karudev\Symfony\app\cache\prod\classes.php line 5219 [] []
[2013-01-23 14:14:29] request.ERROR: Symfony\Component\HttpKernel\Exception\NotFoundHttpException: No route found for "GET /bundles/karudevapps/css/default.css" (uncaught exception) at C:\wamp\www\karudev\Symfony\app\cache\prod\classes.php line 5219 [] []
[2013-01-23 14:14:29] request.ERROR: Symfony\Component\HttpKernel\Exception\NotFoundHttpException: No route found for "GET /bundles/karudevapps/js/jquery-ui-1.9.2.custom.js" (uncaught exception) at C:\wamp\www\karudev\Symfony\app\cache\prod\classes.php line 5219 [] []
[2013-01-23 14:14:29] request.ERROR: Symfony\Component\HttpKernel\Exception\NotFoundHttpException: No route found for "GET /bundles/karudevapps/css/smoothness/jquery-ui-1.9.2.custom.css" (uncaught exception) at C:\wamp\www\karudev\Symfony\app\cache\prod\classes.php line 5219 [] []
[2013-01-23 14:14:29] request.ERROR: Symfony\Component\HttpKernel\Exception\NotFoundHttpException: No route found for "GET /bundles/karudevapps/js/jquery-ui-1.9.2.custom.js" (uncaught exception) at C:\wamp\www\karudev\Symfony\app\cache\prod\classes.php line 5219 [] []
[2013-01-23 14:17:10] request.ERROR: Symfony\Component\HttpKernel\Exception\NotFoundHttpException: No route found for "GET /images/divers/show.png" (uncaught exception) at C:\wamp\www\karudev\Symfony\app\cache\prod\classes.php line 5219 [] []
[2013-01-23 14:17:10] request.ERROR: Symfony\Component\HttpKernel\Exception\NotFoundHttpException: No route found for "GET /images/divers/delete.png" (uncaught exception) at C:\wamp\www\karudev\Symfony\app\cache\prod\classes.php line 5219 [] []
[2013-01-23 14:17:21] request.ERROR: Symfony\Component\HttpKernel\Exception\NotFoundHttpException: No route found for "GET /images/divers/show.png" (uncaught exception) at C:\wamp\www\karudev\Symfony\app\cache\prod\classes.php line 5219 [] []
[2013-01-23 14:17:21] request.ERROR: Symfony\Component\HttpKernel\Exception\NotFoundHttpException: No route found for "GET /images/divers/delete.png" (uncaught exception) at C:\wamp\www\karudev\Symfony\app\cache\prod\classes.php line 5219 [] []
[2013-01-23 14:17:32] request.ERROR: Symfony\Component\HttpKernel\Exception\NotFoundHttpException: No route found for "GET /images/divers/delete.png" (uncaught exception) at C:\wamp\www\karudev\Symfony\app\cache\prod\classes.php line 5219 [] []
[2013-01-23 14:17:32] request.ERROR: Symfony\Component\HttpKernel\Exception\NotFoundHttpException: No route found for "GET /images/divers/show.png" (uncaught exception) at C:\wamp\www\karudev\Symfony\app\cache\prod\classes.php line 5219 [] []
